C:\USERS\ADI\DOCUMENTS\VISUAL STUDIO 2012\PROJECTS\SNEAK\SNEAK\DEBUG\GAME.OBJ
C:\USERS\ADI\DOCUMENTS\VISUAL STUDIO 2012\PROJECTS\SNEAK\SNEAK\DEBUG\MAIN.OBJ
C:\USERS\ADI\DOCUMENTS\VISUAL STUDIO 2012\PROJECTS\SNEAK\SNEAK\DEBUG\MAP.OBJ
C:\USERS\ADI\DOCUMENTS\VISUAL STUDIO 2012\PROJECTS\SNEAK\SNEAK\DEBUG\VC110.PDB
C:\USERS\ADI\DOCUMENTS\VISUAL STUDIO 2012\PROJECTS\SNEAK\DEBUG\SNEAK.ILK
C:\USERS\ADI\DOCUMENTS\VISUAL STUDIO 2012\PROJECTS\SNEAK\DEBUG\SNEAK.EXE
C:\USERS\ADI\DOCUMENTS\VISUAL STUDIO 2012\PROJECTS\SNEAK\DEBUG\SNEAK.PDB
C:\Users\Adi\documents\visual studio 2012\Projects\Sneak\Sneak\Debug\Game.obj
C:\Users\Adi\documents\visual studio 2012\Projects\Sneak\Sneak\Debug\Main.obj
C:\Users\Adi\documents\visual studio 2012\Projects\Sneak\Sneak\Debug\Map.obj
C:\Users\Adi\documents\visual studio 2012\Projects\Sneak\Sneak\Debug\cl.command.1.tlog
C:\Users\Adi\documents\visual studio 2012\Projects\Sneak\Sneak\Debug\CL.read.1.tlog
C:\Users\Adi\documents\visual studio 2012\Projects\Sneak\Sneak\Debug\CL.write.1.tlog
C:\Users\Adi\documents\visual studio 2012\Projects\Sneak\Sneak\Debug\link-cvtres.read.1.tlog
C:\Users\Adi\documents\visual studio 2012\Projects\Sneak\Sneak\Debug\link-cvtres.write.1.tlog
C:\Users\Adi\documents\visual studio 2012\Projects\Sneak\Sneak\Debug\link-rc.read.1.tlog
C:\Users\Adi\documents\visual studio 2012\Projects\Sneak\Sneak\Debug\link-rc.write.1.tlog
C:\Users\Adi\documents\visual studio 2012\Projects\Sneak\Sneak\Debug\link.command.1.tlog
C:\Users\Adi\documents\visual studio 2012\Projects\Sneak\Sneak\Debug\link.read.1.tlog
C:\Users\Adi\documents\visual studio 2012\Projects\Sneak\Sneak\Debug\link.write.1.tlog
C:\Users\Adi\documents\visual studio 2012\Projects\Sneak\Sneak\Debug\vc110.idb
C:\Users\Adi\documents\visual studio 2012\Projects\Sneak\Sneak\Debug\vc110.pdb
C:\Users\Adi\documents\visual studio 2012\Projects\Sneak\Debug\Sneak.pdb
C:\Users\Adi\documents\visual studio 2012\Projects\Sneak\Debug\Sneak.exe
C:\Users\Adi\documents\visual studio 2012\Projects\Sneak\Debug\Sneak.ilk
